<?xml version="1.0" encoding="UTF-8"?>
<testsuite xmlns:xsi="http://www.w3.org/2001/XMLSchema-instance" xsi:noNamespaceSchemaLocation="https://maven.apache.org/surefire/maven-surefire-plugin/xsd/surefire-test-report.xsd" name="com.login.user.LoginUserTest" time="1.933" tests="3" errors="1" skipped="0" failures="1">
  <properties>
    <property name="sun.desktop" value="windows"/>
    <property name="awt.toolkit" value="sun.awt.windows.WToolkit"/>
    <property name="java.specification.version" value="11"/>
    <property name="sun.cpu.isalist" value="amd64"/>
    <property name="sun.jnu.encoding" value="Cp1251"/>
    <property name="java.class.path" value="C:\Users\luvd8\Diplom\Diplom_2\target\test-classes;C:\Users\luvd8\Diplom\Diplom_2\target\classes;C:\Users\luvd8\.m2\repository\org\mockito\mockito-core\3.12.4\mockito-core-3.12.4.jar;C:\Users\luvd8\.m2\repository\net\bytebuddy\byte-buddy-agent\1.11.13\byte-buddy-agent-1.11.13.jar;C:\Users\luvd8\.m2\repository\org\objenesis\objenesis\3.2\objenesis-3.2.jar;C:\Users\luvd8\.m2\repository\org\apache\httpcomponents\httpclient\4.5.13\httpclient-4.5.13.jar;C:\Users\luvd8\.m2\repository\org\apache\httpcomponents\httpcore\4.4.13\httpcore-4.4.13.jar;C:\Users\luvd8\.m2\repository\commons-logging\commons-logging\1.2\commons-logging-1.2.jar;C:\Users\luvd8\.m2\repository\commons-codec\commons-codec\1.11\commons-codec-1.11.jar;C:\Users\luvd8\.m2\repository\net\bytebuddy\byte-buddy\1.11.16\byte-buddy-1.11.16.jar;C:\Users\luvd8\.m2\repository\junit\junit\4.13.2\junit-4.13.2.jar;C:\Users\luvd8\.m2\repository\org\hamcrest\hamcrest-core\1.3\hamcrest-core-1.3.jar;C:\Users\luvd8\.m2\repository\io\rest-assured\rest-assured\5.3.0\rest-assured-5.3.0.jar;C:\Users\luvd8\.m2\repository\org\apache\groovy\groovy\4.0.6\groovy-4.0.6.jar;C:\Users\luvd8\.m2\repository\org\apache\groovy\groovy-xml\4.0.6\groovy-xml-4.0.6.jar;C:\Users\luvd8\.m2\repository\org\apache\httpcomponents\httpmime\4.5.13\httpmime-4.5.13.jar;C:\Users\luvd8\.m2\repository\org\hamcrest\hamcrest\2.1\hamcrest-2.1.jar;C:\Users\luvd8\.m2\repository\org\ccil\cowan\tagsoup\tagsoup\1.2.1\tagsoup-1.2.1.jar;C:\Users\luvd8\.m2\repository\io\rest-assured\json-path\5.3.0\json-path-5.3.0.jar;C:\Users\luvd8\.m2\repository\org\apache\groovy\groovy-json\4.0.6\groovy-json-4.0.6.jar;C:\Users\luvd8\.m2\repository\io\rest-assured\rest-assured-common\5.3.0\rest-assured-common-5.3.0.jar;C:\Users\luvd8\.m2\repository\io\rest-assured\xml-path\5.3.0\xml-path-5.3.0.jar;C:\Users\luvd8\.m2\repository\org\apache\commons\commons-lang3\3.11\commons-lang3-3.11.jar;C:\Users\luvd8\.m2\repository\com\google\code\gson\gson\2.8.9\gson-2.8.9.jar;C:\Users\luvd8\.m2\repository\com\fasterxml\jackson-xml-databind\0.6.2\jackson-xml-databind-0.6.2.jar;C:\Users\luvd8\.m2\repository\org\codehaus\jackson\jackson-mapper-asl\1.9.2\jackson-mapper-asl-1.9.2.jar;C:\Users\luvd8\.m2\repository\org\codehaus\jackson\jackson-core-asl\1.9.2\jackson-core-asl-1.9.2.jar;C:\Users\luvd8\.m2\repository\org\codehaus\jackson\jackson-xc\1.9.2\jackson-xc-1.9.2.jar;C:\Users\luvd8\.m2\repository\org\codehaus\woodstox\stax2-api\3.1.0\stax2-api-3.1.0.jar;C:\Users\luvd8\.m2\repository\javax\xml\stream\stax-api\1.0-2\stax-api-1.0-2.jar;C:\Users\luvd8\.m2\repository\io\qameta\allure\allure-junit4\2.21.0\allure-junit4-2.21.0.jar;C:\Users\luvd8\.m2\repository\io\qameta\allure\allure-java-commons\2.21.0\allure-java-commons-2.21.0.jar;C:\Users\luvd8\.m2\repository\org\slf4j\slf4j-api\1.7.36\slf4j-api-1.7.36.jar;C:\Users\luvd8\.m2\repository\io\qameta\allure\allure-model\2.21.0\allure-model-2.21.0.jar;C:\Users\luvd8\.m2\repository\io\qameta\allure\allure-rest-assured\2.21.0\allure-rest-assured-2.21.0.jar;C:\Users\luvd8\.m2\repository\io\qameta\allure\allure-attachments\2.21.0\allure-attachments-2.21.0.jar;C:\Users\luvd8\.m2\repository\org\freemarker\freemarker\2.3.31\freemarker-2.3.31.jar;C:\Users\luvd8\.m2\repository\org\aspectj\aspectjweaver\1.9.5\aspectjweaver-1.9.5.jar;"/>
    <property name="java.vm.vendor" value="Amazon.com Inc."/>
    <property name="sun.arch.data.model" value="64"/>
    <property name="user.variant" value=""/>
    <property name="java.vendor.url" value="https://aws.amazon.com/corretto/"/>
    <property name="user.timezone" value="Europe/Moscow"/>
    <property name="java.vm.specification.version" value="11"/>
    <property name="os.name" value="Windows 11"/>
    <property name="sun.java.launcher" value="SUN_STANDARD"/>
    <property name="user.country" value="RU"/>
    <property name="sun.boot.library.path" value="C:\Program Files\Amazon Corretto\jdk11.0.19_7\bin"/>
    <property name="sun.java.command" value="C:\Users\luvd8\AppData\Local\Temp\surefire791709541347309418\surefirebooter11581625573406359049.jar C:\Users\luvd8\AppData\Local\Temp\surefire791709541347309418 2023-11-09T10-11-04_896-jvmRun1 surefire9037802023164294677tmp surefire_09847391706014506507tmp"/>
    <property name="jdk.debug" value="release"/>
    <property name="surefire.test.class.path" value="C:\Users\luvd8\Diplom\Diplom_2\target\test-classes;C:\Users\luvd8\Diplom\Diplom_2\target\classes;C:\Users\luvd8\.m2\repository\org\mockito\mockito-core\3.12.4\mockito-core-3.12.4.jar;C:\Users\luvd8\.m2\repository\net\bytebuddy\byte-buddy-agent\1.11.13\byte-buddy-agent-1.11.13.jar;C:\Users\luvd8\.m2\repository\org\objenesis\objenesis\3.2\objenesis-3.2.jar;C:\Users\luvd8\.m2\repository\org\apache\httpcomponents\httpclient\4.5.13\httpclient-4.5.13.jar;C:\Users\luvd8\.m2\repository\org\apache\httpcomponents\httpcore\4.4.13\httpcore-4.4.13.jar;C:\Users\luvd8\.m2\repository\commons-logging\commons-logging\1.2\commons-logging-1.2.jar;C:\Users\luvd8\.m2\repository\commons-codec\commons-codec\1.11\commons-codec-1.11.jar;C:\Users\luvd8\.m2\repository\net\bytebuddy\byte-buddy\1.11.16\byte-buddy-1.11.16.jar;C:\Users\luvd8\.m2\repository\junit\junit\4.13.2\junit-4.13.2.jar;C:\Users\luvd8\.m2\repository\org\hamcrest\hamcrest-core\1.3\hamcrest-core-1.3.jar;C:\Users\luvd8\.m2\repository\io\rest-assured\rest-assured\5.3.0\rest-assured-5.3.0.jar;C:\Users\luvd8\.m2\repository\org\apache\groovy\groovy\4.0.6\groovy-4.0.6.jar;C:\Users\luvd8\.m2\repository\org\apache\groovy\groovy-xml\4.0.6\groovy-xml-4.0.6.jar;C:\Users\luvd8\.m2\repository\org\apache\httpcomponents\httpmime\4.5.13\httpmime-4.5.13.jar;C:\Users\luvd8\.m2\repository\org\hamcrest\hamcrest\2.1\hamcrest-2.1.jar;C:\Users\luvd8\.m2\repository\org\ccil\cowan\tagsoup\tagsoup\1.2.1\tagsoup-1.2.1.jar;C:\Users\luvd8\.m2\repository\io\rest-assured\json-path\5.3.0\json-path-5.3.0.jar;C:\Users\luvd8\.m2\repository\org\apache\groovy\groovy-json\4.0.6\groovy-json-4.0.6.jar;C:\Users\luvd8\.m2\repository\io\rest-assured\rest-assured-common\5.3.0\rest-assured-common-5.3.0.jar;C:\Users\luvd8\.m2\repository\io\rest-assured\xml-path\5.3.0\xml-path-5.3.0.jar;C:\Users\luvd8\.m2\repository\org\apache\commons\commons-lang3\3.11\commons-lang3-3.11.jar;C:\Users\luvd8\.m2\repository\com\google\code\gson\gson\2.8.9\gson-2.8.9.jar;C:\Users\luvd8\.m2\repository\com\fasterxml\jackson-xml-databind\0.6.2\jackson-xml-databind-0.6.2.jar;C:\Users\luvd8\.m2\repository\org\codehaus\jackson\jackson-mapper-asl\1.9.2\jackson-mapper-asl-1.9.2.jar;C:\Users\luvd8\.m2\repository\org\codehaus\jackson\jackson-core-asl\1.9.2\jackson-core-asl-1.9.2.jar;C:\Users\luvd8\.m2\repository\org\codehaus\jackson\jackson-xc\1.9.2\jackson-xc-1.9.2.jar;C:\Users\luvd8\.m2\repository\org\codehaus\woodstox\stax2-api\3.1.0\stax2-api-3.1.0.jar;C:\Users\luvd8\.m2\repository\javax\xml\stream\stax-api\1.0-2\stax-api-1.0-2.jar;C:\Users\luvd8\.m2\repository\io\qameta\allure\allure-junit4\2.21.0\allure-junit4-2.21.0.jar;C:\Users\luvd8\.m2\repository\io\qameta\allure\allure-java-commons\2.21.0\allure-java-commons-2.21.0.jar;C:\Users\luvd8\.m2\repository\org\slf4j\slf4j-api\1.7.36\slf4j-api-1.7.36.jar;C:\Users\luvd8\.m2\repository\io\qameta\allure\allure-model\2.21.0\allure-model-2.21.0.jar;C:\Users\luvd8\.m2\repository\io\qameta\allure\allure-rest-assured\2.21.0\allure-rest-assured-2.21.0.jar;C:\Users\luvd8\.m2\repository\io\qameta\allure\allure-attachments\2.21.0\allure-attachments-2.21.0.jar;C:\Users\luvd8\.m2\repository\org\freemarker\freemarker\2.3.31\freemarker-2.3.31.jar;C:\Users\luvd8\.m2\repository\org\aspectj\aspectjweaver\1.9.5\aspectjweaver-1.9.5.jar;"/>
    <property name="allure.results.directory" value="C:\Users\luvd8\Diplom\Diplom_2\target\target\allure-results"/>
    <property name="sun.cpu.endian" value="little"/>
    <property name="user.home" value="C:\Users\luvd8"/>
    <property name="user.language" value="ru"/>
    <property name="java.specification.vendor" value="Oracle Corporation"/>
    <property name="java.version.date" value="2023-04-18"/>
    <property name="java.home" value="C:\Program Files\Amazon Corretto\jdk11.0.19_7"/>
    <property name="file.separator" value="\"/>
    <property name="basedir" value="C:\Users\luvd8\Diplom\Diplom_2"/>
    <property name="java.vm.compressedOopsMode" value="32-bit"/>
    <property name="line.separator" value="&#10;"/>
    <property name="java.specification.name" value="Java Platform API Specification"/>
    <property name="java.vm.specification.vendor" value="Oracle Corporation"/>
    <property name="java.awt.graphicsenv" value="sun.awt.Win32GraphicsEnvironment"/>
    <property name="surefire.real.class.path" value="C:\Users\luvd8\AppData\Local\Temp\surefire791709541347309418\surefirebooter11581625573406359049.jar"/>
    <property name="user.script" value=""/>
    <property name="sun.management.compiler" value="HotSpot 64-Bit Tiered Compilers"/>
    <property name="java.runtime.version" value="11.0.19+7-LTS"/>
    <property name="user.name" value="luvd8"/>
    <property name="path.separator" value=";"/>
    <property name="os.version" value="10.0"/>
    <property name="java.runtime.name" value="OpenJDK Runtime Environment"/>
    <property name="file.encoding" value="Cp1251"/>
    <property name="java.vm.name" value="OpenJDK 64-Bit Server VM"/>
    <property name="java.vendor.version" value="Corretto-11.0.19.7.1"/>
    <property name="localRepository" value="C:\Users\luvd8\.m2\repository"/>
    <property name="java.vendor.url.bug" value="https://github.com/corretto/corretto-11/issues/"/>
    <property name="java.io.tmpdir" value="C:\Users\luvd8\AppData\Local\Temp\"/>
    <property name="java.version" value="11.0.19"/>
    <property name="user.dir" value="C:\Users\luvd8\Diplom\Diplom_2"/>
    <property name="os.arch" value="amd64"/>
    <property name="java.vm.specification.name" value="Java Virtual Machine Specification"/>
    <property name="java.awt.printerjob" value="sun.awt.windows.WPrinterJob"/>
    <property name="sun.os.patch.level" value=""/>
    <property name="java.library.path" value="C:\Program Files\Amazon Corretto\jdk11.0.19_7\bin;C:\Windows\Sun\Java\bin;C:\Windows\system32;C:\Windows;C:\Program Files\Amazon Corretto\jdk11.0.19_7\bin;C:\Program Files\Common Files\Oracle\Java\javapath;C:\Windows\System32\HWAudioDriverLibs;C:\Windows\system32;C:\Windows;C:\Windows\System32\Wbem;C:\Windows\System32\WindowsPowerShell\v1.0\;C:\Windows\System32\OpenSSH\;C:\Users\Administrator\AppData\Local\Microsoft\WindowsApps;C:\Program Files\dotnet\;C:\Program Files\Git\cmd;C:\Program Files\Git\mingw64\bin;C:\Program Files\Git\usr\bin;D:\apache-maven-3.9.3\bin;C:\Program Files\Docker\Docker\resources\bin;C:\Users\luvd8\allure-2.24.0\bin;C:\Users\luvd8\AppData\Roaming\Microsoft\Windows\Start Menu\Programs\Yandex.lnk;C:\Users\luvd8\AppData\Local\Programs\Python\Python311\Scripts\;C:\Users\luvd8\AppData\Local\Programs\Python\Python311\;C:\Users\luvd8\AppData\Local\Microsoft\WindowsApps;C:\Program Files\JetBrains\PyCharm Community Edition 2022.3.2\bin;;D:\IntelliJ IDEA Community Edition 2022.3.2\bin;;C:\Users\luvd8\.dotnet\tools;D:\apache-maven-3.9.3\bin;C:\Users\luvd8\AppData\Local\GitHubDesktop\bin;C:\Users\luvd8\allure-2.24.0\bin;;."/>
    <property name="java.vm.info" value="mixed mode"/>
    <property name="java.vendor" value="Amazon.com Inc."/>
    <property name="java.vm.version" value="11.0.19+7-LTS"/>
    <property name="sun.io.unicode.encoding" value="UnicodeLittle"/>
    <property name="java.class.version" value="55.0"/>
  </properties>
  <testcase name="avtorizationWrongUser" classname="com.login.user.LoginUserTest" time="1.245"/>
  <testcase name="avtorizationUser" classname="com.login.user.LoginUserTest" time="0.681">
    <failure message="1 expectation failed.&#10;Expected status code &lt;200&gt; but was &lt;401&gt;.&#10;" type="java.lang.AssertionError"><![CDATA[java.lang.AssertionError: 
1 expectation failed.
Expected status code <200> but was <401>.

	at com.login.user.LoginUserTest.avtorizationUser(LoginUserTest.java:22)
]]></failure>
    <system-out><![CDATA[Request method:	POST
Request URI:	https://stellarburgers.nomoreparties.site/api/auth/login
Proxy:			<none>
Request params:	<none>
Query params:	<none>
Form params:	<none>
Path params:	<none>
Headers:		Accept=*/*
				Content-Type=application/json
Cookies:		<none>
Multiparts:		<none>
Body:
{
    "email": "klkahxo@mail.ru",
    "password": "vhou346723ghjb"
}
HTTP/1.1 401 Unauthorized
Date: Thu, 09 Nov 2023 07:11:16 GMT
Content-Type: application/json; charset=utf-8
Content-Length: 61
Connection: keep-alive
X-Powered-By: Express
Access-Control-Allow-Origin: *
ETag: W/"3d-ad9nrqlzQBuoZ0AId1U3rIgKU84"
CF-Cache-Status: DYNAMIC
Report-To: {"endpoints":[{"url":"https:\/\/a.nel.cloudflare.com\/report\/v3?s=MR9yRP5137%2B1wFD8sFeZ5xYr%2F%2B2iJ5nj6pbW0L1wZHk38WftRNXlDQAjgqTCkychHik0mvn9CId7X1PKqj3Q9gyV3NqLTTuVM2GknXaJtjiL3dcY4DCd3GIzzpsxuMcQa3xIp9OG6IEA%2B1HiiWltxrUFUPk%3D"}],"group":"cf-nel","max_age":604800}
NEL: {"success_fraction":0,"report_to":"cf-nel","max_age":604800}
Server: cloudflare
CF-RAY: 82343da02b39382e-FRA
alt-svc: h3=":443"; ma=86400

{
    "success": false,
    "message": "email or password are incorrect"
}
HTTP/1.1 401 Unauthorized
Date: Thu, 09 Nov 2023 07:11:16 GMT
Content-Type: application/json; charset=utf-8
Content-Length: 61
Connection: keep-alive
X-Powered-By: Express
Access-Control-Allow-Origin: *
ETag: W/"3d-ad9nrqlzQBuoZ0AId1U3rIgKU84"
CF-Cache-Status: DYNAMIC
Report-To: {"endpoints":[{"url":"https:\/\/a.nel.cloudflare.com\/report\/v3?s=MR9yRP5137%2B1wFD8sFeZ5xYr%2F%2B2iJ5nj6pbW0L1wZHk38WftRNXlDQAjgqTCkychHik0mvn9CId7X1PKqj3Q9gyV3NqLTTuVM2GknXaJtjiL3dcY4DCd3GIzzpsxuMcQa3xIp9OG6IEA%2B1HiiWltxrUFUPk%3D"}],"group":"cf-nel","max_age":604800}
NEL: {"success_fraction":0,"report_to":"cf-nel","max_age":604800}
Server: cloudflare
CF-RAY: 82343da02b39382e-FRA
alt-svc: h3=":443"; ma=86400

{
    "success": false,
    "message": "email or password are incorrect"
}
Request method:	POST
Request URI:	https://stellarburgers.nomoreparties.site/api/auth/login
Proxy:			<none>
Request params:	<none>
Query params:	<none>
Form params:	<none>
Path params:	<none>
Headers:		Accept=*/*
				Content-Type=application/json
Cookies:		<none>
Multiparts:		<none>
Body:
{
    "email": "klkahxo@mail.ru",
    "password": "vhou346723ghjb"
}
HTTP/1.1 401 Unauthorized
Date: Thu, 09 Nov 2023 07:11:16 GMT
Content-Type: application/json; charset=utf-8
Content-Length: 61
Connection: keep-alive
X-Powered-By: Express
Access-Control-Allow-Origin: *
ETag: W/"3d-ad9nrqlzQBuoZ0AId1U3rIgKU84"
CF-Cache-Status: DYNAMIC
Report-To: {"endpoints":[{"url":"https:\/\/a.nel.cloudflare.com\/report\/v3?s=QsCkqebMeh0%2Fgfkeq04sxmx4o74uQPVoybcdrVSqN%2Fe%2F1kxZ0R%2BvvVsXmZLXiOCX7xZKynbPlYdJOYKysUA4NK%2FE08GDrDZmVNrqynobGleh1iZduHJjp5qe67JOjkrcrnCywcN8lkxZIJvaHN%2BPUQfbnCQ%3D"}],"group":"cf-nel","max_age":604800}
NEL: {"success_fraction":0,"report_to":"cf-nel","max_age":604800}
Server: cloudflare
CF-RAY: 82343da28e322c4a-FRA
alt-svc: h3=":443"; ma=86400

{
    "success": false,
    "message": "email or password are incorrect"
}
]]></system-out>
  </testcase>
  <testcase name="avtorizationUser" classname="com.login.user.LoginUserTest" time="0.681">
    <error message="Header value cannot be null" type="java.lang.IllegalArgumentException">java.lang.IllegalArgumentException: Header value cannot be null
	at com.login.user.LoginUserTest.deleteUser(LoginUserTest.java:43)
</error>
  </testcase>
</testsuite>